<?xml version="1.0" encoding="UTF-8"?>
<!-- Generated by org.testng.reporters.JUnitReportReporter -->
<testsuite hostname="LAPTOP-4KSK7QCC" failures="0" tests="1" name="com.todos.tests.AddTodoTest" time="9.676" errors="0" timestamp="2024-05-07T00:53:14 CEST" skipped="0">
  <testcase classname="com.todos.tests.AddTodoTest" name="iCanAddTodo" time="9.676"/>
  <system-out/>
</testsuite> <!-- com.todos.tests.AddTodoTest -->
